09:01:13.243 [http-nio-9000-exec-3] WARN  o.s.web.servlet.PageNotFound - No mapping for OPTIONS /actuator/flyway
09:01:13.253 [http-nio-9000-exec-9] WARN  o.s.web.servlet.PageNotFound - No mapping for OPTIONS /actuator/auditevents
09:01:13.257 [http-nio-9000-exec-9] WARN  o.s.web.servlet.PageNotFound - No endpoint OPTIONS /actuator/auditevents.
09:01:13.254 [http-nio-9000-exec-3] WARN  o.s.web.servlet.PageNotFound - No endpoint OPTIONS /actuator/flyway.
09:01:22.223 [http-nio-9000-exec-7] INFO  HomeController.class - 1. @ getAllProducts().....[ProductDto(id=1, productName=Sleeve, price=2000.0, wight=5.0, volume=7.0), ProductDto(id=2, productName=Tie, price=2000.0, wight=5.0, volume=7.0), ProductDto(id=4, productName=Cycle, price=2000.0, wight=5.0, volume=7.0), ProductDto(id=5, productName=Glasses, price=2000.0, wight=5.0, volume=7.0), ProductDto(id=6, productName=Watch, price=2000.0, wight=5.0, volume=2.0)]
09:01:22.223 [http-nio-9000-exec-7] WARN  HomeController.class - 3. @ getAllProducts().....[ProductDto(id=1, productName=Sleeve, price=2000.0, wight=5.0, volume=7.0), ProductDto(id=2, productName=Tie, price=2000.0, wight=5.0, volume=7.0), ProductDto(id=4, productName=Cycle, price=2000.0, wight=5.0, volume=7.0), ProductDto(id=5, productName=Glasses, price=2000.0, wight=5.0, volume=7.0), ProductDto(id=6, productName=Watch, price=2000.0, wight=5.0, volume=2.0)]
09:04:32.769 [SpringApplicationShutdownHook] INFO  o.s.c.n.e.s.EurekaServiceRegistry - Unregistering application CRUD-TEMPLATE-PROJECT with eureka with status DOWN
09:04:32.769 [SpringApplicationShutdownHook] INFO  c.netflix.discovery.DiscoveryClient - Saw local status change event StatusChangeEvent [timestamp=1727062472769, current=DOWN, previous=UP]
09:04:32.770 [DiscoveryClient-InstanceInfoReplicator-%d] INFO  c.netflix.discovery.DiscoveryClient - DiscoveryClient_CRUD-TEMPLATE-PROJECT/192.168.29.74:CRUD-Template-Project:9000: registering service...
09:04:32.780 [DiscoveryClient-InstanceInfoReplicator-%d] INFO  c.netflix.discovery.DiscoveryClient - DiscoveryClient_CRUD-TEMPLATE-PROJECT/192.168.29.74:CRUD-Template-Project:9000 - registration status: 204
09:04:32.790 [SpringApplicationShutdownHook] INFO  o.s.o.j.LocalContainerEntityManagerFactoryBean - Closing JPA EntityManagerFactory for persistence unit 'default'
09:04:32.796 [SpringApplicationShutdownHook] INFO  com.zaxxer.hikari.HikariDataSource - kvrmdb - Shutdown initiated...
09:04:32.809 [SpringApplicationShutdownHook] INFO  com.zaxxer.hikari.HikariDataSource - kvrmdb - Shutdown completed.
09:04:32.810 [SpringApplicationShutdownHook] INFO  c.netflix.discovery.DiscoveryClient - Shutting down DiscoveryClient ...
09:04:35.811 [SpringApplicationShutdownHook] INFO  c.netflix.discovery.DiscoveryClient - Unregistering ...
09:04:35.822 [SpringApplicationShutdownHook] INFO  c.netflix.discovery.DiscoveryClient - DiscoveryClient_CRUD-TEMPLATE-PROJECT/192.168.29.74:CRUD-Template-Project:9000 - deregister  status: 200
09:04:35.823 [SpringApplicationShutdownHook] INFO  c.netflix.discovery.DiscoveryClient - Completed shut down of DiscoveryClient
09:04:50.482 [restartedMain] WARN  o.s.c.s.PostProcessorRegistrationDelegate$BeanPostProcessorChecker - Bean 'org.springframework.cloud.client.loadbalancer.LoadBalancerAutoConfiguration$DeferringLoadBalancerInterceptorConfig' of type [org.springframework.cloud.client.loadbalancer.LoadBalancerAutoConfiguration$DeferringLoadBalancerInterceptorConfig] is not eligible for getting processed by all BeanPostProcessors (for example: not eligible for auto-proxying). The currently created BeanPostProcessor [lbRestClientPostProcessor] is declared through a non-static factory method on that class; consider declaring it as static instead.
09:04:50.492 [restartedMain] WARN  o.s.c.s.PostProcessorRegistrationDelegate$BeanPostProcessorChecker - Bean 'deferringLoadBalancerInterceptor' of type [org.springframework.cloud.client.loadbalancer.DeferringLoadBalancerInterceptor] is not eligible for getting processed by all BeanPostProcessors (for example: not eligible for auto-proxying). Is this bean getting eagerly injected into a currently created BeanPostProcessor [lbRestClientPostProcessor]? Check the corresponding BeanPostProcessor declaration and its dependencies.
09:04:53.542 [restartedMain] WARN  org.hibernate.orm.deprecation - HHH90000025: MySQLDialect does not need to be specified explicitly using 'hibernate.dialect' (remove the property setting and it will be selected by default)
09:04:55.712 [restartedMain] WARN  o.s.b.a.o.j.JpaBaseConfiguration$JpaWebConfiguration - spring.jpa.open-in-view is enabled by default. Therefore, database queries may be performed during view rendering. Explicitly configure spring.jpa.open-in-view to disable this warning
09:04:58.446 [restartedMain] WARN  o.s.c.l.c.LoadBalancerCacheAutoConfiguration$LoadBalancerCaffeineWarnLogger - Spring Cloud LoadBalancer is currently working with the default cache. While this cache implementation is useful for development and tests, it's recommended to use Caffeine cache in production.You can switch to using Caffeine cache, by adding it and org.springframework.cache.caffeine.CaffeineCacheManager to the classpath.
09:05:11.342 [http-nio-9000-exec-8] WARN  o.s.web.servlet.PageNotFound - No mapping for OPTIONS /actuator/trace
09:05:11.350 [http-nio-9000-exec-2] WARN  o.s.web.servlet.PageNotFound - No mapping for OPTIONS /actuator/logfile
09:05:11.353 [http-nio-9000-exec-9] WARN  o.s.web.servlet.PageNotFound - No mapping for OPTIONS /actuator/dump
09:05:11.357 [http-nio-9000-exec-11] WARN  o.s.web.servlet.PageNotFound - No mapping for OPTIONS /actuator/liquibase
09:05:11.364 [http-nio-9000-exec-8] WARN  o.s.web.servlet.PageNotFound - No endpoint OPTIONS /actuator/trace.
09:05:11.365 [http-nio-9000-exec-2] WARN  o.s.web.servlet.PageNotFound - No endpoint OPTIONS /actuator/logfile.
09:05:11.369 [http-nio-9000-exec-11] WARN  o.s.web.servlet.PageNotFound - No endpoint OPTIONS /actuator/liquibase.
09:05:11.364 [http-nio-9000-exec-7] WARN  o.s.web.servlet.PageNotFound - No mapping for OPTIONS /actuator/httptrace
09:05:11.370 [http-nio-9000-exec-9] WARN  o.s.web.servlet.PageNotFound - No endpoint OPTIONS /actuator/dump.
09:05:11.370 [http-nio-9000-exec-7] WARN  o.s.web.servlet.PageNotFound - No endpoint OPTIONS /actuator/httptrace.
09:05:11.378 [http-nio-9000-exec-12] WARN  o.s.web.servlet.PageNotFound - No mapping for OPTIONS /actuator/flyway
09:05:11.379 [http-nio-9000-exec-12] WARN  o.s.web.servlet.PageNotFound - No endpoint OPTIONS /actuator/flyway.
09:05:11.380 [http-nio-9000-exec-13] WARN  o.s.web.servlet.PageNotFound - No mapping for OPTIONS /actuator/auditevents
09:05:11.381 [http-nio-9000-exec-13] WARN  o.s.web.servlet.PageNotFound - No endpoint OPTIONS /actuator/auditevents.
09:05:11.367 [http-nio-9000-exec-1] WARN  o.s.web.servlet.PageNotFound - No mapping for OPTIONS /actuator/jolokia
09:05:11.382 [http-nio-9000-exec-1] WARN  o.s.web.servlet.PageNotFound - No endpoint OPTIONS /actuator/jolokia.
